<?xml version="1.0" encoding="UTF-8"?>
<!-- Generated by org.testng.reporters.JUnitXMLReporter -->
<testsuite ignored="0" hostname="DESKTOP-74E8GDS" failures="1" tests="1" name="Test1" time="0.057" errors="0" timestamp="2023-09-11T18:06:07 AEST">
  <testcase classname="demo.TestNGParametersDemo" name="test" time="0.0">
    <failure type="org.testng.TestNGException" message="
Parameter &amp;apos;MyName&amp;apos; is required by @Test on method test but has not been marked @Optional or defined
in C:\Users\91787\eclipse-workspace\MavenSelenium\testng4.xml">
      <![CDATA[org.testng.TestNGException: 
Parameter 'MyName' is required by @Test on method test but has not been marked @Optional or defined
in C:\Users\91787\eclipse-workspace\MavenSelenium\testng4.xml
at java.base/java.util.ArrayList.forEach(ArrayList.java:1511)
... Removed 26 stack frames]]>
    </failure>
  </testcase> <!-- test -->
</testsuite> <!-- Test1 -->
